<?xml version="1.0" encoding="UTF-8"?>
<testsuite xmlns:xsi="http://www.w3.org/2001/XMLSchema-instance" xsi:noNamespaceSchemaLocation="https://maven.apache.org/surefire/maven-surefire-plugin/xsd/surefire-test-report-3.0.xsd" version="3.0" name="aston.servlets.UserServletTest" time="0.495" tests="10" errors="0" skipped="0" failures="0">
  <properties>
    <property name="java.specification.version" value="17"/>
    <property name="sun.cpu.isalist" value="amd64"/>
    <property name="sun.jnu.encoding" value="Cp1251"/>
    <property name="java.class.path" value="C:\Users\Aston2next\target\test-classes;C:\Users\Aston2next\target\classes;C:\Users\а\.m2\repository\javax\servlet\javax.servlet-api\3.1.0\javax.servlet-api-3.1.0.jar;C:\Users\а\.m2\repository\org\postgresql\postgresql\42.6.0\postgresql-42.6.0.jar;C:\Users\а\.m2\repository\org\checkerframework\checker-qual\3.31.0\checker-qual-3.31.0.jar;C:\Users\а\.m2\repository\org\junit\jupiter\junit-jupiter-api\5.10.0\junit-jupiter-api-5.10.0.jar;C:\Users\а\.m2\repository\org\opentest4j\opentest4j\1.3.0\opentest4j-1.3.0.jar;C:\Users\а\.m2\repository\org\junit\platform\junit-platform-commons\1.10.0\junit-platform-commons-1.10.0.jar;C:\Users\а\.m2\repository\org\apiguardian\apiguardian-api\1.1.2\apiguardian-api-1.1.2.jar;C:\Users\а\.m2\repository\com\fasterxml\jackson\core\jackson-databind\2.15.2\jackson-databind-2.15.2.jar;C:\Users\а\.m2\repository\com\fasterxml\jackson\core\jackson-annotations\2.15.2\jackson-annotations-2.15.2.jar;C:\Users\а\.m2\repository\com\fasterxml\jackson\core\jackson-core\2.15.2\jackson-core-2.15.2.jar;C:\Users\а\.m2\repository\com\fasterxml\jackson\datatype\jackson-datatype-jsr310\2.13.4\jackson-datatype-jsr310-2.13.4.jar;C:\Users\а\.m2\repository\org\testcontainers\postgresql\1.19.0\postgresql-1.19.0.jar;C:\Users\а\.m2\repository\org\testcontainers\jdbc\1.19.0\jdbc-1.19.0.jar;C:\Users\а\.m2\repository\org\testcontainers\database-commons\1.19.0\database-commons-1.19.0.jar;C:\Users\а\.m2\repository\org\testcontainers\junit-jupiter\1.19.0\junit-jupiter-1.19.0.jar;C:\Users\а\.m2\repository\org\testcontainers\testcontainers\1.19.0\testcontainers-1.19.0.jar;C:\Users\а\.m2\repository\junit\junit\4.13.2\junit-4.13.2.jar;C:\Users\а\.m2\repository\org\hamcrest\hamcrest-core\1.3\hamcrest-core-1.3.jar;C:\Users\а\.m2\repository\org\apache\commons\commons-compress\1.23.0\commons-compress-1.23.0.jar;C:\Users\а\.m2\repository\org\rnorth\duct-tape\duct-tape\1.0.8\duct-tape-1.0.8.jar;C:\Users\а\.m2\repository\org\jetbrains\annotations\17.0.0\annotations-17.0.0.jar;C:\Users\а\.m2\repository\com\github\docker-java\docker-java-api\3.3.3\docker-java-api-3.3.3.jar;C:\Users\а\.m2\repository\com\github\docker-java\docker-java-transport-zerodep\3.3.3\docker-java-transport-zerodep-3.3.3.jar;C:\Users\а\.m2\repository\com\github\docker-java\docker-java-transport\3.3.3\docker-java-transport-3.3.3.jar;C:\Users\а\.m2\repository\net\java\dev\jna\jna\5.12.1\jna-5.12.1.jar;C:\Users\а\.m2\repository\org\slf4j\slf4j-api\2.0.7\slf4j-api-2.0.7.jar;C:\Users\а\.m2\repository\org\slf4j\slf4j-simple\2.0.7\slf4j-simple-2.0.7.jar;C:\Users\а\.m2\repository\org\junit\jupiter\junit-jupiter-params\5.10.0\junit-jupiter-params-5.10.0.jar;C:\Users\а\.m2\repository\org\mockito\mockito-core\5.4.0\mockito-core-5.4.0.jar;C:\Users\а\.m2\repository\net\bytebuddy\byte-buddy\1.14.5\byte-buddy-1.14.5.jar;C:\Users\а\.m2\repository\net\bytebuddy\byte-buddy-agent\1.14.5\byte-buddy-agent-1.14.5.jar;C:\Users\а\.m2\repository\org\objenesis\objenesis\3.3\objenesis-3.3.jar;C:\Users\а\.m2\repository\org\mockito\mockito-junit-jupiter\5.4.0\mockito-junit-jupiter-5.4.0.jar;"/>
    <property name="java.vm.vendor" value="Oracle Corporation"/>
    <property name="sun.arch.data.model" value="64"/>
    <property name="user.variant" value=""/>
    <property name="java.vendor.url" value="https://java.oracle.com/"/>
    <property name="user.timezone" value="Europe/Moscow"/>
    <property name="os.name" value="Windows 10"/>
    <property name="java.vm.specification.version" value="17"/>
    <property name="sun.java.launcher" value="SUN_STANDARD"/>
    <property name="user.country" value="RU"/>
    <property name="sun.boot.library.path" value="C:\Program Files\Java\jdk-17\bin"/>
    <property name="sun.java.command" value="C:\Users\а\AppData\Local\Temp\surefire9876944187450250645\surefirebooter-20240619184544225_3.jar C:\Users\а\AppData\Local\Temp\surefire9876944187450250645 2024-06-19T18-45-44_042-jvmRun1 surefire-20240619184544225_1tmp surefire_0-20240619184544225_2tmp"/>
    <property name="jdk.debug" value="release"/>
    <property name="surefire.test.class.path" value="C:\Users\Aston2next\target\test-classes;C:\Users\Aston2next\target\classes;C:\Users\а\.m2\repository\javax\servlet\javax.servlet-api\3.1.0\javax.servlet-api-3.1.0.jar;C:\Users\а\.m2\repository\org\postgresql\postgresql\42.6.0\postgresql-42.6.0.jar;C:\Users\а\.m2\repository\org\checkerframework\checker-qual\3.31.0\checker-qual-3.31.0.jar;C:\Users\а\.m2\repository\org\junit\jupiter\junit-jupiter-api\5.10.0\junit-jupiter-api-5.10.0.jar;C:\Users\а\.m2\repository\org\opentest4j\opentest4j\1.3.0\opentest4j-1.3.0.jar;C:\Users\а\.m2\repository\org\junit\platform\junit-platform-commons\1.10.0\junit-platform-commons-1.10.0.jar;C:\Users\а\.m2\repository\org\apiguardian\apiguardian-api\1.1.2\apiguardian-api-1.1.2.jar;C:\Users\а\.m2\repository\com\fasterxml\jackson\core\jackson-databind\2.15.2\jackson-databind-2.15.2.jar;C:\Users\а\.m2\repository\com\fasterxml\jackson\core\jackson-annotations\2.15.2\jackson-annotations-2.15.2.jar;C:\Users\а\.m2\repository\com\fasterxml\jackson\core\jackson-core\2.15.2\jackson-core-2.15.2.jar;C:\Users\а\.m2\repository\com\fasterxml\jackson\datatype\jackson-datatype-jsr310\2.13.4\jackson-datatype-jsr310-2.13.4.jar;C:\Users\а\.m2\repository\org\testcontainers\postgresql\1.19.0\postgresql-1.19.0.jar;C:\Users\а\.m2\repository\org\testcontainers\jdbc\1.19.0\jdbc-1.19.0.jar;C:\Users\а\.m2\repository\org\testcontainers\database-commons\1.19.0\database-commons-1.19.0.jar;C:\Users\а\.m2\repository\org\testcontainers\junit-jupiter\1.19.0\junit-jupiter-1.19.0.jar;C:\Users\а\.m2\repository\org\testcontainers\testcontainers\1.19.0\testcontainers-1.19.0.jar;C:\Users\а\.m2\repository\junit\junit\4.13.2\junit-4.13.2.jar;C:\Users\а\.m2\repository\org\hamcrest\hamcrest-core\1.3\hamcrest-core-1.3.jar;C:\Users\а\.m2\repository\org\apache\commons\commons-compress\1.23.0\commons-compress-1.23.0.jar;C:\Users\а\.m2\repository\org\rnorth\duct-tape\duct-tape\1.0.8\duct-tape-1.0.8.jar;C:\Users\а\.m2\repository\org\jetbrains\annotations\17.0.0\annotations-17.0.0.jar;C:\Users\а\.m2\repository\com\github\docker-java\docker-java-api\3.3.3\docker-java-api-3.3.3.jar;C:\Users\а\.m2\repository\com\github\docker-java\docker-java-transport-zerodep\3.3.3\docker-java-transport-zerodep-3.3.3.jar;C:\Users\а\.m2\repository\com\github\docker-java\docker-java-transport\3.3.3\docker-java-transport-3.3.3.jar;C:\Users\а\.m2\repository\net\java\dev\jna\jna\5.12.1\jna-5.12.1.jar;C:\Users\а\.m2\repository\org\slf4j\slf4j-api\2.0.7\slf4j-api-2.0.7.jar;C:\Users\а\.m2\repository\org\slf4j\slf4j-simple\2.0.7\slf4j-simple-2.0.7.jar;C:\Users\а\.m2\repository\org\junit\jupiter\junit-jupiter-params\5.10.0\junit-jupiter-params-5.10.0.jar;C:\Users\а\.m2\repository\org\mockito\mockito-core\5.4.0\mockito-core-5.4.0.jar;C:\Users\а\.m2\repository\net\bytebuddy\byte-buddy\1.14.5\byte-buddy-1.14.5.jar;C:\Users\а\.m2\repository\net\bytebuddy\byte-buddy-agent\1.14.5\byte-buddy-agent-1.14.5.jar;C:\Users\а\.m2\repository\org\objenesis\objenesis\3.3\objenesis-3.3.jar;C:\Users\а\.m2\repository\org\mockito\mockito-junit-jupiter\5.4.0\mockito-junit-jupiter-5.4.0.jar;"/>
    <property name="sun.cpu.endian" value="little"/>
    <property name="user.home" value="C:\Users\а"/>
    <property name="user.language" value="ru"/>
    <property name="java.specification.vendor" value="Oracle Corporation"/>
    <property name="java.version.date" value="2023-01-17"/>
    <property name="java.home" value="C:\Program Files\Java\jdk-17"/>
    <property name="basedir" value="C:\Users\Aston2next"/>
    <property name="file.separator" value="\"/>
    <property name="java.vm.compressedOopsMode" value="Zero based"/>
    <property name="line.separator" value="&#10;"/>
    <property name="java.vm.specification.vendor" value="Oracle Corporation"/>
    <property name="java.specification.name" value="Java Platform API Specification"/>
    <property name="surefire.real.class.path" value="C:\Users\а\AppData\Local\Temp\surefire9876944187450250645\surefirebooter-20240619184544225_3.jar"/>
    <property name="user.script" value=""/>
    <property name="sun.management.compiler" value="HotSpot 64-Bit Tiered Compilers"/>
    <property name="java.runtime.version" value="17.0.6+9-LTS-190"/>
    <property name="user.name" value="а"/>
    <property name="path.separator" value=";"/>
    <property name="os.version" value="10.0"/>
    <property name="java.runtime.name" value="Java(TM) SE Runtime Environment"/>
    <property name="file.encoding" value="Cp1251"/>
    <property name="java.vm.name" value="Java HotSpot(TM) 64-Bit Server VM"/>
    <property name="localRepository" value="C:\Users\а\.m2\repository"/>
    <property name="java.vendor.url.bug" value="https://bugreport.java.com/bugreport/"/>
    <property name="java.io.tmpdir" value="C:\Users\9E8E~1\AppData\Local\Temp\"/>
    <property name="java.version" value="17.0.6"/>
    <property name="user.dir" value="C:\Users\Aston2next"/>
    <property name="os.arch" value="amd64"/>
    <property name="java.vm.specification.name" value="Java Virtual Machine Specification"/>
    <property name="sun.os.patch.level" value=""/>
    <property name="idea.version2019.1" value="true"/>
    <property name="native.encoding" value="Cp1251"/>
    <property name="java.library.path" value="C:\Program Files\Java\jdk-17\bin;C:\WINDOWS\Sun\Java\bin;C:\WINDOWS\system32;C:\WINDOWS;C:\Program Files\Common Files\Oracle\Java\javapath;C:\Program Files\Amazon Corretto\jdk11.0.17_8\bin;C:\Program Files (x86)\Common Files\Oracle\Java\javapath;C:\Windows\system32;C:\Windows;C:\Windows\System32\Wbem;C:\Windows\System32\WindowsPowerShell\v1.0\;C:\Windows\System32\OpenSSH\;C:\Program Files (x86)\NVIDIA Corporation\PhysX\Common;C:\Program Files\NVIDIA Corporation\NVIDIA NvDLISR;C:\WINDOWS\system32;C:\WINDOWS;C:\WINDOWS\System32\Wbem;C:\WINDOWS\System32\WindowsPowerShell\v1.0\;C:\WINDOWS\System32\OpenSSH\;C:\Program Files\Git\cmd;C:\Program Files\Docker\Docker\resources\bin;C:\Users\а\.jpm\windows\bin;C:\Users\а\AppData\Local\Microsoft\WindowsApps;C:\Program Files\JetBrains\IntelliJ IDEA 2019.1\bin;;C:\Users\а\AppData\Local\GitHubDesktop\bin;C:\Users\а\AppData\Local\Programs\Microsoft VS Code\bin;C:\Program Files\apache-maven-4.0.0-alpha-4\bin\;C:\Program Files\Amazon Corretto\jdk11.0.17_8\bin;c:\Users\a;;."/>
    <property name="java.vm.info" value="mixed mode, sharing"/>
    <property name="java.vendor" value="Oracle Corporation"/>
    <property name="java.vm.version" value="17.0.6+9-LTS-190"/>
    <property name="sun.io.unicode.encoding" value="UnicodeLittle"/>
    <property name="java.class.version" value="61.0"/>
  </properties>
  <testcase name="doPost" classname="aston.servlets.UserServletTest" time="0.265"/>
  <testcase name="doDeleteNotFound" classname="aston.servlets.UserServletTest" time="0.006"/>
  <testcase name="doPutBadRequest" classname="aston.servlets.UserServletTest" time="0.009"/>
  <testcase name="doDelete" classname="aston.servlets.UserServletTest" time="0.004"/>
  <testcase name="doGetAll" classname="aston.servlets.UserServletTest" time="0.007"/>
  <testcase name="doPut" classname="aston.servlets.UserServletTest" time="0.004"/>
  <testcase name="doGetBadRequest" classname="aston.servlets.UserServletTest" time="0.003"/>
  <testcase name="doDeleteBadRequest" classname="aston.servlets.UserServletTest" time="0.004"/>
  <testcase name="doGetById" classname="aston.servlets.UserServletTest" time="0.003"/>
  <testcase name="doGetNotFoundException" classname="aston.servlets.UserServletTest" time="0.003"/>
</testsuite>